Traceback (most recent call last):
  File "/Users/isle/.pyenv/versions/3.11.10/lib/python3.11/site-packages/ragtrace_lite/evaluator.py", line 331, in evaluate
    result = evaluate(
             ^^^^^^^^^
  File "/Users/isle/.pyenv/versions/3.11.10/lib/python3.11/site-packages/ragas/_analytics.py", line 227, in wrapper
    result = func(*args, **kwargs)
             ^^^^^^^^^^^^^^^^^^^^^
  File "/Users/isle/.pyenv/versions/3.11.10/lib/python3.11/site-packages/ragas/evaluation.py", line 203, in evaluate
    embeddings = embedding_factory()
                 ^^^^^^^^^^^^^^^^^^^
  File "/Users/isle/.pyenv/versions/3.11.10/lib/python3.11/site-packages/ragas/embeddings/base.py", line 377, in embedding_factory
    openai_embeddings = OpenAIEmbeddings(model=model)
                        ^^^^^^^^^^^^^^^^^^^^^^^^^^^^^
  File "/Users/isle/.pyenv/versions/3.11.10/lib/python3.11/site-packages/pydantic/main.py", line 253, in __init__
    validated_self = self.__pydantic_validator__.validate_python(data, self_instance=self)
                     ^^^^^^^^^^^^^^^^^^^^^^^^^^^^^^^^^^^^^^^^^^^^^^^^^^^^^^^^^^^^^^^^^^^^^
  File "/Users/isle/.pyenv/versions/3.11.10/lib/python3.11/site-packages/langchain_openai/embeddings/base.py", line 327, in validate_environment
    self.client = openai.OpenAI(**client_params, **sync_specific).embeddings  # type: ignore[arg-type]
                  ^^^^^^^^^^^^^^^^^^^^^^^^^^^^^^^^^^^^^^^^^^^^^^^
  File "/Users/isle/.pyenv/versions/3.11.10/lib/python3.11/site-packages/openai/_client.py", line 130, in __init__
    raise OpenAIError(
openai.OpenAIError: The api_key client option must be set either by passing api_key to the client or by setting the OPENAI_API_KEY environment variable

During handling of the above exception, another exception occurred:

Traceback (most recent call last):
  File "/Users/isle/.pyenv/versions/3.11.10/lib/python3.11/site-packages/ragtrace_lite/main.py", line 150, in evaluate_dataset
    results_df = self.evaluator.evaluate(dataset)
                 ^^^^^^^^^^^^^^^^^^^^^^^^^^^^^^^^
  File "/Users/isle/.pyenv/versions/3.11.10/lib/python3.11/site-packages/ragtrace_lite/evaluator.py", line 352, in evaluate
    raise Exception(f"RAGAS í‰ê°€ ì¤‘ ì˜¤ë¥˜ ë°œìƒ: {e}")
Exception: RAGAS í‰ê°€ ì¤‘ ì˜¤ë¥˜ ë°œìƒ: The api_key client option must be set either by passing api_key to the client or by setting the OPENAI_API_KEY environment variable
2025-07-07 05:29:14,522 - __main__ - ERROR - Evaluation failed
âœ… ë°ì´í„°ë² ì´ìŠ¤ í…Œì´ë¸” ìƒì„± ì™„ë£Œ
ğŸ“€ ë°ì´í„°ë² ì´ìŠ¤ ì´ˆê¸°í™” ì™„ë£Œ: db/ragtrace_lite.db
ğŸš€ RAGTrace Lite v0.1.0 ì‹œì‘
ğŸ“Š ì‹¤í–‰ ID: ragtrace_8d6da308
ğŸ”§ LLM ì´ˆê¸°í™” ì¤‘: HCX
   ëª¨ë¸: HCX-005
   API í‚¤: ì„¤ì •ë¨
ğŸ¤– HCX ì–´ëŒ‘í„° ì´ˆê¸°í™”: HCX-005
ğŸ”„ HCX LLM ë¹„ë™ê¸° ì—°ê²° í…ŒìŠ¤íŠ¸ ì¤‘...
âœ… HCX LLM ì—°ê²° ì„±ê³µ
í…ŒìŠ¤íŠ¸ ì‘ë‹µ: OK! How can I assist you today?...
ğŸ¤– ì™¸ë¶€ LLM ì‚¬ìš©: hcx
ğŸ”§ ì„ë² ë”© ì„¤ì •: default
âš ï¸  OpenAI API í‚¤ê°€ ì„¤ì •ë˜ì§€ ì•Šì•˜ìŠµë‹ˆë‹¤
âš ï¸  ì„ë² ë”© ì„¤ì • ì‹¤íŒ¨, RAGAS ê¸°ë³¸ê°’ ì‚¬ìš©
âœ… í‰ê°€ì ì´ˆê¸°í™” ì™„ë£Œ

ğŸ“ ë°ì´í„° ë¡œë”©: data/input/sample.json
ğŸ“ ë°ì´í„° íŒŒì¼ ë¡œë”©: data/input/sample.json
âœ… ë°ì´í„° ë¡œë”© ì™„ë£Œ: 3ê°œ í•­ëª©
ğŸ” ë°ì´í„° ê²€ì¦ ë° ë³€í™˜ ì‹œì‘
âš ï¸  'ground_truth' ì»¬ëŸ¼ì´ ì—†ì–´ answer_correctness í‰ê°€ê°€ ì œí•œë  ìˆ˜ ìˆìŠµë‹ˆë‹¤
ğŸ”§ contexts ì»¬ëŸ¼ ë³€í™˜ ì¤‘...
âœ… contexts ë³€í™˜ ì™„ë£Œ: í‰ê·  2.0ê°œ ì»¨í…ìŠ¤íŠ¸/í•­ëª©
âœ… Ground truths ê²€ì¦ ì™„ë£Œ: Context recall í‰ê°€ ê°€ëŠ¥
âœ… ë°ì´í„° ê²€ì¦ ë° ë³€í™˜ ì™„ë£Œ
âœ… RAGAS Dataset ë³€í™˜ ì™„ë£Œ
âœ… ë°ì´í„° ë¡œë”© ì™„ë£Œ: 3ê°œ í•­ëª©

ğŸ’¾ í‰ê°€ ì‹¤í–‰ ê¸°ë¡ ìƒì„±...
ğŸ“Š í‰ê°€ ì‹¤í–‰ ìƒì„±: ragtrace_8d6da308

ğŸ” RAGAS í‰ê°€ ì‹œì‘...
   - LLM: HCX
   - ë©”íŠ¸ë¦­: faithfulness, answer_relevancy, context_precision, context_recall, answer_correctness
   - ë°°ì¹˜ í¬ê¸°: 1

ğŸš€ RAGAS í‰ê°€ ì‹œì‘
   - ë°ì´í„° ìˆ˜: 3ê°œ
   - LLM: hcx
   - ë°°ì¹˜ í¬ê¸°: 1
ğŸ”§ ë©”íŠ¸ë¦­ ì„¤ì • ì¤‘...
ğŸ“Š Ground truth ë°ì´í„° í™•ì¸: 5ê°œ ë©”íŠ¸ë¦­ ì‚¬ìš©
  âœ… faithfulness (LLM ê¸°ë°˜)
  âœ… answer_relevancy (LLM + ì„ë² ë”© ê¸°ë°˜)
  âœ… context_precision (LLM ê¸°ë°˜)
  âœ… context_recall (LLM ê¸°ë°˜)
  âœ… answer_correctness (LLM ê¸°ë°˜)
   - ë©”íŠ¸ë¦­: 5ê°œ
âœ… ë°ì´í„°ì…‹ ê²€ì¦ ì™„ë£Œ

ğŸ“Š í‰ê°€ ì§„í–‰ ì¤‘...
âŒ í‰ê°€ ì‹¤íŒ¨: The api_key client option must be set either by passing api_key to the client or by setting the OPENAI_API_KEY environment variable
âŒ í‰ê°€ ìˆ˜í–‰ ì‹¤íŒ¨: RAGAS í‰ê°€ ì¤‘ ì˜¤ë¥˜ ë°œìƒ: The api_key client option must be set either by passing api_key to the client or by setting the OPENAI_API_KEY environment variable
ğŸ“€ ë°ì´í„°ë² ì´ìŠ¤ ì—°ê²° ì¢…ë£Œ
2025-07-07 05:29:41,694 - sentence_transformers.SentenceTransformer - INFO - Load pretrained SentenceTransformer: models/bge-m3
/Users/isle/.pyenv/versions/3.11.10/lib/python3.11/site-packages/ragtrace_lite/evaluator.py:173: LangChainDeprecationWarning: The class `HuggingFaceEmbeddings` was deprecated in LangChain 0.2.2 and will be removed in 1.0. An updated version of the class exists in the :class:`~langchain-huggingface package and should be used instead. To use it run `pip install -U :class:`~langchain-huggingface` and import as `from :class:`~langchain_huggingface import HuggingFaceEmbeddings``.
  lc_embeddings = HuggingFaceEmbeddings(
2025-07-07 05:29:45,161 - sentence_transformers.SentenceTransformer - INFO - Load pretrained SentenceTransformer: models/bge-m3
âœ… ë°ì´í„°ë² ì´ìŠ¤ í…Œì´ë¸” ìƒì„± ì™„ë£Œ
ğŸ“€ ë°ì´í„°ë² ì´ìŠ¤ ì´ˆê¸°í™” ì™„ë£Œ: db/ragtrace_lite.db
ğŸš€ RAGTrace Lite v0.1.0 ì‹œì‘
ğŸ“Š ì‹¤í–‰ ID: ragtrace_cdf0e917
ğŸ”§ LLM ì´ˆê¸°í™” ì¤‘: HCX
   ëª¨ë¸: HCX-005
   API í‚¤: ì„¤ì •ë¨
ğŸ¤– HCX ì–´ëŒ‘í„° ì´ˆê¸°í™”: HCX-005
ğŸ”„ HCX LLM ë¹„ë™ê¸° ì—°ê²° í…ŒìŠ¤íŠ¸ ì¤‘...
âœ… HCX LLM ì—°ê²° ì„±ê³µ
í…ŒìŠ¤íŠ¸ ì‘ë‹µ: OK! How can I assist you today?...
ğŸ¤– ì™¸ë¶€ LLM ì‚¬ìš©: hcx
ğŸ”§ ì„ë² ë”© ì„¤ì •: bge_m3
ğŸ“ BGE-M3 ì„ë² ë”© ì´ˆê¸°í™”
âœ… BGE-M3 ëª¨ë¸ ë°œê²¬: models/bge-m3
ğŸ”§ BGE-M3 ëª¨ë¸ ë¡œë”© (device: mps)...
âœ… BGE-M3 ì„ë² ë”© ë¡œë“œ ì™„ë£Œ (device: mps)
âœ… ì„ë² ë”© ëª¨ë¸ ì„¤ì • ì™„ë£Œ
âœ… í‰ê°€ì ì´ˆê¸°í™” ì™„ë£Œ

ğŸ“ ë°ì´í„° ë¡œë”©: data/input/sample.json
ğŸ“ ë°ì´í„° íŒŒì¼ ë¡œë”©: data/input/sample.json
âœ… ë°ì´í„° ë¡œë”© ì™„ë£Œ: 3ê°œ í•­ëª©
ğŸ” ë°ì´í„° ê²€ì¦ ë° ë³€í™˜ ì‹œì‘
âš ï¸  'ground_truth' ì»¬ëŸ¼ì´ ì—†ì–´ answer_correctness í‰ê°€ê°€ ì œí•œë  ìˆ˜ ìˆìŠµë‹ˆë‹¤
ğŸ”§ contexts ì»¬ëŸ¼ ë³€í™˜ ì¤‘...
âœ… contexts ë³€í™˜ ì™„ë£Œ: í‰ê·  2.0ê°œ ì»¨í…ìŠ¤íŠ¸/í•­ëª©
âœ… Ground truths ê²€ì¦ ì™„ë£Œ: Context recall í‰ê°€ ê°€ëŠ¥
âœ… ë°ì´í„° ê²€ì¦ ë° ë³€í™˜ ì™„ë£Œ
âœ… RAGAS Dataset ë³€í™˜ ì™„ë£Œ
âœ… ë°ì´í„° ë¡œë”© ì™„ë£Œ: 3ê°œ í•­ëª©

ğŸ’¾ í‰ê°€ ì‹¤í–‰ ê¸°ë¡ ìƒì„±...
ğŸ“Š í‰ê°€ ì‹¤í–‰ ìƒì„±: ragtrace_cdf0e917

ğŸ” RAGAS í‰ê°€ ì‹œì‘...
   - LLM: HCX
   - ë©”íŠ¸ë¦­: faithfulness, answer_relevancy, context_precision, context_recall, answer_correctness
   - ë°°ì¹˜ í¬ê¸°: 1

ğŸš€ RAGAS í‰ê°€ ì‹œì‘
   - ë°ì´í„° ìˆ˜: 3ê°œ
   - LLM: hcx
   - ë°°ì¹˜ í¬ê¸°: 1
ğŸ”§ ë©”íŠ¸ë¦­ ì„¤ì • ì¤‘...
ğŸ“Š Ground truth ë°ì´í„° í™•ì¸: 5ê°œ ë©”íŠ¸ë¦­ ì‚¬ìš©
  âœ… faithfulness (LLM ê¸°ë°˜)
  âœ… answer_relevancy (LLM + ì„ë² ë”© ê¸°ë°˜)
  âœ… context_precision (LLM ê¸°ë°˜)
  âœ… context_recall (LLM ê¸°ë°˜)
  âœ… answer_correctness (LLM ê¸°ë°˜)
   - ë©”íŠ¸ë¦­: 5ê°œ
âœ… ë°ì´í„°ì…‹ ê²€ì¦ ì™„ë£Œ

ğŸ“Š í‰ê°€ ì§„í–‰ ì¤‘...
Evaluating:   0%|          | 0/15 [00:00<?, ?it/s]2025-07-07 05:31:09,043 - ragas.prompt.pydantic_prompt - ERROR - Prompt fix_output_format failed to parse output: The output parser failed to parse the output including retries.
2025-07-07 05:31:09,043 - ragas.prompt.pydantic_prompt - ERROR - Prompt fix_output_format failed to parse output: The output parser failed to parse the output including retries.
2025-07-07 05:31:09,043 - ragas.prompt.pydantic_prompt - ERROR - Prompt fix_output_format failed to parse output: The output parser failed to parse the output including retries.
2025-07-07 05:31:09,043 - ragas.prompt.pydantic_prompt - ERROR - Prompt statement_generator_prompt failed to parse output: The output parser failed to parse the output including retries.
2025-07-07 05:31:09,043 - ragas.executor - ERROR - Exception raised in Job[0]: RagasOutputParserException(The output parser failed to parse the output including retries.)
Evaluating:   7%|â–‹         | 1/15 [01:20<18:52, 80.86s/it]2025-07-07 05:31:10,719 - ragas.prompt.pydantic_prompt - ERROR - Prompt fix_output_format failed to parse output: The output parser failed to parse the output including retries.
2025-07-07 05:31:10,719 - ragas.prompt.pydantic_prompt - ERROR - Prompt fix_output_format failed to parse output: The output parser failed to parse the output including retries.
2025-07-07 05:31:10,719 - ragas.prompt.pydantic_prompt - ERROR - Prompt fix_output_format failed to parse output: The output parser failed to parse the output including retries.
2025-07-07 05:31:10,719 - ragas.prompt.pydantic_prompt - ERROR - Prompt statement_generator_prompt failed to parse output: The output parser failed to parse the output including retries.
2025-07-07 05:31:10,719 - ragas.executor - ERROR - Exception raised in Job[9]: RagasOutputParserException(The output parser failed to parse the output including retries.)
Evaluating:  13%|â–ˆâ–        | 2/15 [01:22<07:25, 34.28s/it]2025-07-07 05:31:19,424 - ragas.prompt.pydantic_prompt - ERROR - Prompt fix_output_format failed to parse output: The output parser failed to parse the output including retries.
2025-07-07 05:31:19,425 - ragas.prompt.pydantic_prompt - ERROR - Prompt fix_output_format failed to parse output: The output parser failed to parse the output including retries.
2025-07-07 05:31:19,425 - ragas.prompt.pydantic_prompt - ERROR - Prompt fix_output_format failed to parse output: The output parser failed to parse the output including retries.
2025-07-07 05:31:19,425 - ragas.prompt.pydantic_prompt - ERROR - Prompt response_relevance_prompt failed to parse output: The output parser failed to parse the output including retries.
2025-07-07 05:31:19,425 - ragas.executor - ERROR - Exception raised in Job[6]: RagasOutputParserException(The output parser failed to parse the output including retries.)
Evaluating:  20%|â–ˆâ–ˆ        | 3/15 [01:31<04:31, 22.60s/it]2025-07-07 05:31:20,207 - ragas.prompt.pydantic_prompt - ERROR - Prompt fix_output_format failed to parse output: The output parser failed to parse the output including retries.
2025-07-07 05:31:20,208 - ragas.prompt.pydantic_prompt - ERROR - Prompt fix_output_format failed to parse output: The output parser failed to parse the output including retries.
2025-07-07 05:31:20,208 - ragas.prompt.pydantic_prompt - ERROR - Prompt fix_output_format failed to parse output: The output parser failed to parse the output including retries.
2025-07-07 05:31:20,208 - ragas.prompt.pydantic_prompt - ERROR - Prompt context_precision_prompt failed to parse output: The output parser failed to parse the output including retries.
2025-07-07 05:31:20,208 - ragas.executor - ERROR - Exception raised in Job[2]: RagasOutputParserException(The output parser failed to parse the output including retries.)
Evaluating:  27%|â–ˆâ–ˆâ–‹       | 4/15 [01:32<02:33, 13.99s/it]2025-07-07 05:31:49,939 - ragas.prompt.pydantic_prompt - ERROR - Prompt fix_output_format failed to parse output: The output parser failed to parse the output including retries.
2025-07-07 05:31:49,939 - ragas.prompt.pydantic_prompt - ERROR - Prompt fix_output_format failed to parse output: The output parser failed to parse the output including retries.
2025-07-07 05:31:49,939 - ragas.prompt.pydantic_prompt - ERROR - Prompt fix_output_format failed to parse output: The output parser failed to parse the output including retries.
2025-07-07 05:31:49,939 - ragas.prompt.pydantic_prompt - ERROR - Prompt response_relevance_prompt failed to parse output: The output parser failed to parse the output including retries.
2025-07-07 05:31:59,154 - ragas.prompt.pydantic_prompt - ERROR - Prompt fix_output_format failed to parse output: The output parser failed to parse the output including retries.
2025-07-07 05:31:59,154 - ragas.prompt.pydantic_prompt - ERROR - Prompt fix_output_format failed to parse output: The output parser failed to parse the output including retries.
2025-07-07 05:31:59,154 - ragas.prompt.pydantic_prompt - ERROR - Prompt fix_output_format failed to parse output: The output parser failed to parse the output including retries.
2025-07-07 05:31:59,155 - ragas.prompt.pydantic_prompt - ERROR - Prompt statement_generator_prompt failed to parse output: The output parser failed to parse the output including retries.
2025-07-07 05:31:59,155 - ragas.executor - ERROR - Exception raised in Job[4]: RagasOutputParserException(The output parser failed to parse the output including retries.)
Evaluating:  33%|â–ˆâ–ˆâ–ˆâ–      | 5/15 [02:10<03:49, 22.99s/it]2025-07-07 05:32:09,362 - ragas.prompt.pydantic_prompt - ERROR - Prompt fix_output_format failed to parse output: The output parser failed to parse the output including retries.
2025-07-07 05:32:09,362 - ragas.prompt.pydantic_prompt - ERROR - Prompt fix_output_format failed to parse output: The output parser failed to parse the output including retries.
2025-07-07 05:32:09,362 - ragas.prompt.pydantic_prompt - ERROR - Prompt fix_output_format failed to parse output: The output parser failed to parse the output including retries.
2025-07-07 05:32:09,362 - ragas.prompt.pydantic_prompt - ERROR - Prompt context_recall_classification_prompt failed to parse output: The output parser failed to parse the output including retries.
2025-07-07 05:32:09,362 - ragas.executor - ERROR - Exception raised in Job[8]: RagasOutputParserException(The output parser failed to parse the output including retries.)
Evaluating:  40%|â–ˆâ–ˆâ–ˆâ–ˆ      | 6/15 [02:21<02:47, 18.64s/it]2025-07-07 05:32:09,473 - ragas.prompt.pydantic_prompt - ERROR - Prompt fix_output_format failed to parse output: The output parser failed to parse the output including retries.
2025-07-07 05:32:09,473 - ragas.prompt.pydantic_prompt - ERROR - Prompt fix_output_format failed to parse output: The output parser failed to parse the output including retries.
2025-07-07 05:32:09,473 - ragas.prompt.pydantic_prompt - ERROR - Prompt fix_output_format failed to parse output: The output parser failed to parse the output including retries.
2025-07-07 05:32:09,473 - ragas.prompt.pydantic_prompt - ERROR - Prompt context_recall_classification_prompt failed to parse output: The output parser failed to parse the output including retries.
2025-07-07 05:32:09,473 - ragas.executor - ERROR - Exception raised in Job[13]: RagasOutputParserException(The output parser failed to parse the output including retries.)
Evaluating:  47%|â–ˆâ–ˆâ–ˆâ–ˆâ–‹     | 7/15 [02:21<01:40, 12.58s/it]2025-07-07 05:32:09,749 - ragas.prompt.pydantic_prompt - ERROR - Prompt fix_output_format failed to parse output: The output parser failed to parse the output including retries.
2025-07-07 05:32:09,749 - ragas.prompt.pydantic_prompt - ERROR - Prompt fix_output_format failed to parse output: The output parser failed to parse the output including retries.
2025-07-07 05:32:09,749 - ragas.prompt.pydantic_prompt - ERROR - Prompt fix_output_format failed to parse output: The output parser failed to parse the output including retries.
2025-07-07 05:32:09,749 - ragas.prompt.pydantic_prompt - ERROR - Prompt response_relevance_prompt failed to parse output: The output parser failed to parse the output including retries.
2025-07-07 05:32:09,749 - ragas.executor - ERROR - Exception raised in Job[1]: RagasOutputParserException(The output parser failed to parse the output including retries.)
Evaluating:  53%|â–ˆâ–ˆâ–ˆâ–ˆâ–ˆâ–    | 8/15 [02:21<01:00,  8.67s/it]2025-07-07 05:32:09,795 - ragas.prompt.pydantic_prompt - ERROR - Prompt fix_output_format failed to parse output: The output parser failed to parse the output including retries.
2025-07-07 05:32:09,795 - ragas.prompt.pydantic_prompt - ERROR - Prompt fix_output_format failed to parse output: The output parser failed to parse the output including retries.
2025-07-07 05:32:09,795 - ragas.prompt.pydantic_prompt - ERROR - Prompt fix_output_format failed to parse output: The output parser failed to parse the output including retries.
2025-07-07 05:32:09,795 - ragas.prompt.pydantic_prompt - ERROR - Prompt response_relevance_prompt failed to parse output: The output parser failed to parse the output including retries.
2025-07-07 05:32:09,798 - ragas.prompt.pydantic_prompt - ERROR - Prompt fix_output_format failed to parse output: The output parser failed to parse the output including retries.
2025-07-07 05:32:09,798 - ragas.prompt.pydantic_prompt - ERROR - Prompt fix_output_format failed to parse output: The output parser failed to parse the output including retries.
2025-07-07 05:32:09,798 - ragas.prompt.pydantic_prompt - ERROR - Prompt fix_output_format failed to parse output: The output parser failed to parse the output including retries.
2025-07-07 05:32:09,798 - ragas.prompt.pydantic_prompt - ERROR - Prompt response_relevance_prompt failed to parse output: The output parser failed to parse the output including retries.
2025-07-07 05:32:09,810 - ragas.prompt.pydantic_prompt - ERROR - Prompt fix_output_format failed to parse output: The output parser failed to parse the output including retries.
2025-07-07 05:32:09,810 - ragas.prompt.pydantic_prompt - ERROR - Prompt fix_output_format failed to parse output: The output parser failed to parse the output including retries.
2025-07-07 05:32:09,810 - ragas.prompt.pydantic_prompt - ERROR - Prompt fix_output_format failed to parse output: The output parser failed to parse the output including retries.
2025-07-07 05:32:09,810 - ragas.prompt.pydantic_prompt - ERROR - Prompt response_relevance_prompt failed to parse output: The output parser failed to parse the output including retries.
2025-07-07 05:32:09,810 - ragas.executor - ERROR - Exception raised in Job[11]: RagasOutputParserException(The output parser failed to parse the output including retries.)
2025-07-07 05:32:09,901 - ragas.prompt.pydantic_prompt - ERROR - Prompt fix_output_format failed to parse output: The output parser failed to parse the output including retries.
2025-07-07 05:32:09,902 - ragas.prompt.pydantic_prompt - ERROR - Prompt fix_output_format failed to parse output: The output parser failed to parse the output including retries.
2025-07-07 05:32:09,902 - ragas.prompt.pydantic_prompt - ERROR - Prompt fix_output_format failed to parse output: The output parser failed to parse the output including retries.
2025-07-07 05:32:09,902 - ragas.prompt.pydantic_prompt - ERROR - Prompt response_relevance_prompt failed to parse output: The output parser failed to parse the output including retries.
2025-07-07 05:32:09,961 - ragas.prompt.pydantic_prompt - ERROR - Prompt fix_output_format failed to parse output: The output parser failed to parse the output including retries.
2025-07-07 05:32:09,961 - ragas.prompt.pydantic_prompt - ERROR - Prompt fix_output_format failed to parse output: The output parser failed to parse the output including retries.
2025-07-07 05:32:09,961 - ragas.prompt.pydantic_prompt - ERROR - Prompt fix_output_format failed to parse output: The output parser failed to parse the output including retries.
2025-07-07 05:32:09,961 - ragas.prompt.pydantic_prompt - ERROR - Prompt response_relevance_prompt failed to parse output: The output parser failed to parse the output including retries.
2025-07-07 05:32:10,002 - ragas.prompt.pydantic_prompt - ERROR - Prompt fix_output_format failed to parse output: The output parser failed to parse the output including retries.
2025-07-07 05:32:10,003 - ragas.prompt.pydantic_prompt - ERROR - Prompt fix_output_format failed to parse output: The output parser failed to parse the output including retries.
2025-07-07 05:32:10,003 - ragas.prompt.pydantic_prompt - ERROR - Prompt fix_output_format failed to parse output: The output parser failed to parse the output including retries.
2025-07-07 05:32:10,003 - ragas.prompt.pydantic_prompt - ERROR - Prompt response_relevance_prompt failed to parse output: The output parser failed to parse the output including retries.
2025-07-07 05:32:10,085 - ragas.prompt.pydantic_prompt - ERROR - Prompt fix_output_format failed to parse output: The output parser failed to parse the output including retries.
2025-07-07 05:32:10,085 - ragas.prompt.pydantic_prompt - ERROR - Prompt fix_output_format failed to parse output: The output parser failed to parse the output including retries.
2025-07-07 05:32:10,085 - ragas.prompt.pydantic_prompt - ERROR - Prompt fix_output_format failed to parse output: The output parser failed to parse the output including retries.
2025-07-07 05:32:10,085 - ragas.prompt.pydantic_prompt - ERROR - Prompt statement_generator_prompt failed to parse output: The output parser failed to parse the output including retries.
2025-07-07 05:32:10,085 - ragas.executor - ERROR - Exception raised in Job[14]: RagasOutputParserException(The output parser failed to parse the output including retries.)
Evaluating:  67%|â–ˆâ–ˆâ–ˆâ–ˆâ–ˆâ–ˆâ–‹   | 10/15 [02:21<00:23,  4.62s/it]2025-07-07 05:32:10,111 - ragas.prompt.pydantic_prompt - ERROR - Prompt fix_output_format failed to parse output: The output parser failed to parse the output including retries.
2025-07-07 05:32:10,111 - ragas.prompt.pydantic_prompt - ERROR - Prompt fix_output_format failed to parse output: The output parser failed to parse the output including retries.
2025-07-07 05:32:10,111 - ragas.prompt.pydantic_prompt - ERROR - Prompt fix_output_format failed to parse output: The output parser failed to parse the output including retries.
2025-07-07 05:32:10,111 - ragas.prompt.pydantic_prompt - ERROR - Prompt statement_generator_prompt failed to parse output: The output parser failed to parse the output including retries.
2025-07-07 05:32:10,111 - ragas.executor - ERROR - Exception raised in Job[10]: RagasOutputParserException(The output parser failed to parse the output including retries.)
2025-07-07 05:32:10,289 - ragas.prompt.pydantic_prompt - ERROR - Prompt fix_output_format failed to parse output: The output parser failed to parse the output including retries.
2025-07-07 05:32:10,289 - ragas.prompt.pydantic_prompt - ERROR - Prompt fix_output_format failed to parse output: The output parser failed to parse the output including retries.
2025-07-07 05:32:10,289 - ragas.prompt.pydantic_prompt - ERROR - Prompt fix_output_format failed to parse output: The output parser failed to parse the output including retries.
2025-07-07 05:32:10,289 - ragas.prompt.pydantic_prompt - ERROR - Prompt context_precision_prompt failed to parse output: The output parser failed to parse the output including retries.
2025-07-07 05:32:10,289 - ragas.executor - ERROR - Exception raised in Job[7]: RagasOutputParserException(The output parser failed to parse the output including retries.)
Evaluating:  80%|â–ˆâ–ˆâ–ˆâ–ˆâ–ˆâ–ˆâ–ˆâ–ˆ  | 12/15 [02:22<00:08,  2.79s/it]2025-07-07 05:32:10,334 - ragas.prompt.pydantic_prompt - ERROR - Prompt fix_output_format failed to parse output: The output parser failed to parse the output including retries.
2025-07-07 05:32:10,335 - ragas.prompt.pydantic_prompt - ERROR - Prompt fix_output_format failed to parse output: The output parser failed to parse the output including retries.
2025-07-07 05:32:10,335 - ragas.prompt.pydantic_prompt - ERROR - Prompt fix_output_format failed to parse output: The output parser failed to parse the output including retries.
2025-07-07 05:32:10,335 - ragas.prompt.pydantic_prompt - ERROR - Prompt context_recall_classification_prompt failed to parse output: The output parser failed to parse the output including retries.
2025-07-07 05:32:10,335 - ragas.executor - ERROR - Exception raised in Job[3]: RagasOutputParserException(The output parser failed to parse the output including retries.)
2025-07-07 05:32:10,907 - ragas.prompt.pydantic_prompt - ERROR - Prompt fix_output_format failed to parse output: The output parser failed to parse the output including retries.
2025-07-07 05:32:10,907 - ragas.prompt.pydantic_prompt - ERROR - Prompt fix_output_format failed to parse output: The output parser failed to parse the output including retries.
2025-07-07 05:32:10,907 - ragas.prompt.pydantic_prompt - ERROR - Prompt fix_output_format failed to parse output: The output parser failed to parse the output including retries.
2025-07-07 05:32:10,907 - ragas.prompt.pydantic_prompt - ERROR - Prompt context_precision_prompt failed to parse output: The output parser failed to parse the output including retries.
2025-07-07 05:32:10,908 - ragas.executor - ERROR - Exception raised in Job[12]: RagasOutputParserException(The output parser failed to parse the output including retries.)
Evaluating:  93%|â–ˆâ–ˆâ–ˆâ–ˆâ–ˆâ–ˆâ–ˆâ–ˆâ–ˆâ–| 14/15 [02:22<00:01,  1.88s/it]2025-07-07 05:32:11,085 - ragas.prompt.pydantic_prompt - ERROR - Prompt fix_output_format failed to parse output: The output parser failed to parse the output including retries.
2025-07-07 05:32:11,085 - ragas.prompt.pydantic_prompt - ERROR - Prompt fix_output_format failed to parse output: The output parser failed to parse the output including retries.
2025-07-07 05:32:11,085 - ragas.prompt.pydantic_prompt - ERROR - Prompt fix_output_format failed to parse output: The output parser failed to parse the output including retries.
2025-07-07 05:32:11,085 - ragas.prompt.pydantic_prompt - ERROR - Prompt statement_generator_prompt failed to parse output: The output parser failed to parse the output including retries.
2025-07-07 05:32:11,085 - ragas.executor - ERROR - Exception raised in Job[5]: RagasOutputParserException(The output parser failed to parse the output including retries.)
Evaluating: 100%|â–ˆâ–ˆâ–ˆâ–ˆâ–ˆâ–ˆâ–ˆâ–ˆâ–ˆâ–ˆ| 15/15 [02:22<00:00,  1.53s/it]Evaluating: 100%|â–ˆâ–ˆâ–ˆâ–ˆâ–ˆâ–ˆâ–ˆâ–ˆâ–ˆâ–ˆ| 15/15 [02:22<00:00,  9.53s/it]
Traceback (most recent call last):
  File "/Users/isle/.pyenv/versions/3.11.10/lib/python3.11/site-packages/ragtrace_lite/evaluator.py", line 346, in evaluate
    self._print_evaluation_summary(results_df)
  File "/Users/isle/.pyenv/versions/3.11.10/lib/python3.11/site-packages/ragtrace_lite/evaluator.py", line 399, in _print_evaluation_summary
    avg_score = scores.mean()
                ^^^^^^^^^^^^^
  File "/Users/isle/.pyenv/versions/3.11.10/lib/python3.11/site-packages/pandas/core/series.py", line 6560, in mean
    return NDFrame.mean(self, axis, skipna, numeric_only, **kwargs)
           ^^^^^^^^^^^^^^^^^^^^^^^^^^^^^^^^^^^^^^^^^^^^^^^^^^^^^^^^
  File "/Users/isle/.pyenv/versions/3.11.10/lib/python3.11/site-packages/pandas/core/generic.py", line 12439, in mean
    return self._stat_function(
           ^^^^^^^^^^^^^^^^^^^^
  File "/Users/isle/.pyenv/versions/3.11.10/lib/python3.11/site-packages/pandas/core/generic.py", line 12396, in _stat_function
    return self._reduce(
           ^^^^^^^^^^^^^
  File "/Users/isle/.pyenv/versions/3.11.10/lib/python3.11/site-packages/pandas/core/series.py", line 6468, in _reduce
    return op(delegate, skipna=skipna, **kwds)
           ^^^^^^^^^^^^^^^^^^^^^^^^^^^^^^^^^^^
  File "/Users/isle/.pyenv/versions/3.11.10/lib/python3.11/site-packages/pandas/core/nanops.py", line 147, in f
    result = alt(values, axis=axis, skipna=skipna, **kwds)
             ^^^^^^^^^^^^^^^^^^^^^^^^^^^^^^^^^^^^^^^^^^^^^
  File "/Users/isle/.pyenv/versions/3.11.10/lib/python3.11/site-packages/pandas/core/nanops.py", line 404, in new_func
    result = func(values, axis=axis, skipna=skipna, mask=mask, **kwargs)
             ^^^^^^^^^^^^^^^^^^^^^^^^^^^^^^^^^^^^^^^^^^^^^^^^^^^^^^^^^^^
  File "/Users/isle/.pyenv/versions/3.11.10/lib/python3.11/site-packages/pandas/core/nanops.py", line 720, in nanmean
    the_sum = _ensure_numeric(the_sum)
              ^^^^^^^^^^^^^^^^^^^^^^^^
  File "/Users/isle/.pyenv/versions/3.11.10/lib/python3.11/site-packages/pandas/core/nanops.py", line 1701, in _ensure_numeric
    raise TypeError(f"Could not convert string '{x}' to numeric")
TypeError: Could not convert string 'í•œêµ­ì˜ ìˆ˜ë„ëŠ” ì–´ë””ì¸ê°€ìš”?ë¼ë©´ì€ ì–´ë–»ê²Œ ì¡°ë¦¬í•˜ë‚˜ìš”?Pythonì—ì„œ ë¦¬ìŠ¤íŠ¸ì™€ íŠœí”Œì˜ ì°¨ì´ì ì€ ë¬´ì—‡ì¸ê°€ìš”?' to numeric

During handling of the above exception, another exception occurred:

Traceback (most recent call last):
  File "/Users/isle/.pyenv/versions/3.11.10/lib/python3.11/site-packages/ragtrace_lite/main.py", line 150, in evaluate_dataset
    results_df = self.evaluator.evaluate(dataset)
                 ^^^^^^^^^^^^^^^^^^^^^^^^^^^^^^^^
  File "/Users/isle/.pyenv/versions/3.11.10/lib/python3.11/site-packages/ragtrace_lite/evaluator.py", line 352, in evaluate
    raise Exception(f"RAGAS í‰ê°€ ì¤‘ ì˜¤ë¥˜ ë°œìƒ: {e}")
Exception: RAGAS í‰ê°€ ì¤‘ ì˜¤ë¥˜ ë°œìƒ: Could not convert string 'í•œêµ­ì˜ ìˆ˜ë„ëŠ” ì–´ë””ì¸ê°€ìš”?ë¼ë©´ì€ ì–´ë–»ê²Œ ì¡°ë¦¬í•˜ë‚˜ìš”?Pythonì—ì„œ ë¦¬ìŠ¤íŠ¸ì™€ íŠœí”Œì˜ ì°¨ì´ì ì€ ë¬´ì—‡ì¸ê°€ìš”?' to numeric
2025-07-07 05:32:11,513 - __main__ - ERROR - Evaluation failed
â±ï¸  HCX Rate limit ëŒ€ê¸°: 10.0ì´ˆ
â±ï¸  HCX Rate limit ëŒ€ê¸°: 10.0ì´ˆ
â±ï¸  HCX Rate limit ëŒ€ê¸°: 10.0ì´ˆ
â±ï¸  HCX Rate limit ëŒ€ê¸°: 10.0ì´ˆ
â±ï¸  HCX Rate limit ëŒ€ê¸°: 10.0ì´ˆ
â±ï¸  HCX Rate limit ëŒ€ê¸°: 10.0ì´ˆ
â±ï¸  HCX Rate limit ëŒ€ê¸°: 10.0ì´ˆ
â±ï¸  HCX Rate limit ëŒ€ê¸°: 10.0ì´ˆ
â±ï¸  HCX Rate limit ëŒ€ê¸°: 10.0ì´ˆ
â±ï¸  HCX Rate limit ëŒ€ê¸°: 10.0ì´ˆ
â±ï¸  HCX Rate limit ëŒ€ê¸°: 10.0ì´ˆ
â±ï¸  HCX Rate limit ëŒ€ê¸°: 10.0ì´ˆ
â±ï¸  HCX Rate limit ëŒ€ê¸°: 10.0ì´ˆ
â±ï¸  HCX Rate limit ëŒ€ê¸°: 10.0ì´ˆ
â±ï¸  HCX Rate limit ëŒ€ê¸°: 10.0ì´ˆ
â±ï¸  HCX Rate limit ëŒ€ê¸°: 10.0ì´ˆ
â±ï¸  HCX Rate limit ëŒ€ê¸°: 10.0ì´ˆ
â±ï¸  HCX Rate limit ëŒ€ê¸°: 10.0ì´ˆ
â±ï¸  HCX Rate limit ëŒ€ê¸°: 10.0ì´ˆ
â±ï¸  HCX Rate limit ëŒ€ê¸°: 10.0ì´ˆ
â±ï¸  HCX Rate limit ëŒ€ê¸°: 8.5ì´ˆ
â±ï¸  HCX Rate limit ëŒ€ê¸°: 9.2ì´ˆ
â±ï¸  HCX Rate limit ëŒ€ê¸°: 9.0ì´ˆ
â±ï¸  HCX Rate limit ëŒ€ê¸°: 9.0ì´ˆ
â±ï¸  HCX Rate limit ëŒ€ê¸°: 8.9ì´ˆ
â±ï¸  HCX Rate limit ëŒ€ê¸°: 8.9ì´ˆ
â±ï¸  HCX Rate limit ëŒ€ê¸°: 8.8ì´ˆ
â±ï¸  HCX Rate limit ëŒ€ê¸°: 8.7ì´ˆ
â±ï¸  HCX Rate limit ëŒ€ê¸°: 8.7ì´ˆ
â±ï¸  HCX Rate limit ëŒ€ê¸°: 8.7ì´ˆ
â±ï¸  HCX Rate limit ëŒ€ê¸°: 8.7ì´ˆ
â±ï¸  HCX Rate limit ëŒ€ê¸°: 8.6ì´ˆ
â±ï¸  HCX Rate limit ëŒ€ê¸°: 8.6ì´ˆ
â±ï¸  HCX Rate limit ëŒ€ê¸°: 8.5ì´ˆ
â±ï¸  HCX Rate limit ëŒ€ê¸°: 8.5ì´ˆ
â±ï¸  HCX Rate limit ëŒ€ê¸°: 8.2ì´ˆ
â±ï¸  HCX Rate limit ëŒ€ê¸°: 8.1ì´ˆ
â±ï¸  HCX Rate limit ëŒ€ê¸°: 8.0ì´ˆ
â±ï¸  HCX Rate limit ëŒ€ê¸°: 7.9ì´ˆ
â±ï¸  HCX Rate limit ëŒ€ê¸°: 7.9ì´ˆ
â±ï¸  HCX Rate limit ëŒ€ê¸°: 7.8ì´ˆ
â±ï¸  HCX Rate limit ëŒ€ê¸°: 7.8ì´ˆ
âŒ HCX Rate limit (ì‹œë„ 1/4): 10ì´ˆ í›„ ì¬ì‹œë„
âŒ HCX Rate limit (ì‹œë„ 1/4): 10ì´ˆ í›„ ì¬ì‹œë„
âŒ HCX Rate limit (ì‹œë„ 1/4): 10ì´ˆ í›„ ì¬ì‹œë„
âŒ HCX Rate limit (ì‹œë„ 1/4): 10ì´ˆ í›„ ì¬ì‹œë„
âŒ HCX Rate limit (ì‹œë„ 1/4): 10ì´ˆ í›„ ì¬ì‹œë„
âŒ HCX Rate limit (ì‹œë„ 1/4): 10ì´ˆ í›„ ì¬ì‹œë„
â±ï¸  HCX Rate limit ëŒ€ê¸°: 9.2ì´ˆ
â±ï¸  HCX Rate limit ëŒ€ê¸°: 9.2ì´ˆ
â±ï¸  HCX Rate limit ëŒ€ê¸°: 9.1ì´ˆ
â±ï¸  HCX Rate limit ëŒ€ê¸°: 8.9ì´ˆ
â±ï¸  HCX Rate limit ëŒ€ê¸°: 8.9ì´ˆ
â±ï¸  HCX Rate limit ëŒ€ê¸°: 8.9ì´ˆ
â±ï¸  HCX Rate limit ëŒ€ê¸°: 8.8ì´ˆ
â±ï¸  HCX Rate limit ëŒ€ê¸°: 8.8ì´ˆ
â±ï¸  HCX Rate limit ëŒ€ê¸°: 8.7ì´ˆ
â±ï¸  HCX Rate limit ëŒ€ê¸°: 8.7ì´ˆ
â±ï¸  HCX Rate limit ëŒ€ê¸°: 8.7ì´ˆ
â±ï¸  HCX Rate limit ëŒ€ê¸°: 8.2ì´ˆ
â±ï¸  HCX Rate limit ëŒ€ê¸°: 8.2ì´ˆ
â±ï¸  HCX Rate limit ëŒ€ê¸°: 8.1ì´ˆ
â±ï¸  HCX Rate limit ëŒ€ê¸°: 8.0ì´ˆ
âŒ HCX Rate limit (ì‹œë„ 1/4): 10ì´ˆ í›„ ì¬ì‹œë„
âŒ HCX Rate limit (ì‹œë„ 1/4): 10ì´ˆ í›„ ì¬ì‹œë„
âŒ HCX Rate limit (ì‹œë„ 1/4): 10ì´ˆ í›„ ì¬ì‹œë„
âŒ HCX Rate limit (ì‹œë„ 1/4): 10ì´ˆ í›„ ì¬ì‹œë„
âŒ HCX Rate limit (ì‹œë„ 1/4): 10ì´ˆ í›„ ì¬ì‹œë„
âŒ HCX Rate limit (ì‹œë„ 1/4): 10ì´ˆ í›„ ì¬ì‹œë„
âŒ HCX Rate limit (ì‹œë„ 1/4): 10ì´ˆ í›„ ì¬ì‹œë„
âŒ HCX Rate limit (ì‹œë„ 1/4): 10ì´ˆ í›„ ì¬ì‹œë„
âŒ HCX Rate limit (ì‹œë„ 1/4): 10ì´ˆ í›„ ì¬ì‹œë„
âŒ HCX Rate limit (ì‹œë„ 1/4): 10ì´ˆ í›„ ì¬ì‹œë„
âŒ HCX Rate limit (ì‹œë„ 1/4): 10ì´ˆ í›„ ì¬ì‹œë„
âŒ HCX Rate limit (ì‹œë„ 1/4): 10ì´ˆ í›„ ì¬ì‹œë„
âŒ HCX Rate limit (ì‹œë„ 1/4): 10ì´ˆ í›„ ì¬ì‹œë„
âŒ HCX Rate limit (ì‹œë„ 1/4): 10ì´ˆ í›„ ì¬ì‹œë„
âŒ HCX Rate limit (ì‹œë„ 1/4): 10ì´ˆ í›„ ì¬ì‹œë„
â±ï¸  HCX Rate limit ëŒ€ê¸°: 9.8ì´ˆ
â±ï¸  HCX Rate limit ëŒ€ê¸°: 9.7ì´ˆ
â±ï¸  HCX Rate limit ëŒ€ê¸°: 9.7ì´ˆ
â±ï¸  HCX Rate limit ëŒ€ê¸°: 9.7ì´ˆ
â±ï¸  HCX Rate limit ëŒ€ê¸°: 9.6ì´ˆ
â±ï¸  HCX Rate limit ëŒ€ê¸°: 9.6ì´ˆ
âŒ HCX Rate limit (ì‹œë„ 2/4): 20ì´ˆ í›„ ì¬ì‹œë„
âŒ HCX Rate limit (ì‹œë„ 2/4): 20ì´ˆ í›„ ì¬ì‹œë„
âŒ HCX Rate limit (ì‹œë„ 2/4): 20ì´ˆ í›„ ì¬ì‹œë„
âŒ HCX Rate limit (ì‹œë„ 2/4): 20ì´ˆ í›„ ì¬ì‹œë„
âŒ HCX Rate limit (ì‹œë„ 2/4): 20ì´ˆ í›„ ì¬ì‹œë„
âŒ HCX Rate limit (ì‹œë„ 2/4): 20ì´ˆ í›„ ì¬ì‹œë„
â±ï¸  HCX Rate limit ëŒ€ê¸°: 9.8ì´ˆ
â±ï¸  HCX Rate limit ëŒ€ê¸°: 9.8ì´ˆ
â±ï¸  HCX Rate limit ëŒ€ê¸°: 9.8ì´ˆ
â±ï¸  HCX Rate limit ëŒ€ê¸°: 9.8ì´ˆ
â±ï¸  HCX Rate limit ëŒ€ê¸°: 9.8ì´ˆ
â±ï¸  HCX Rate limit ëŒ€ê¸°: 9.8ì´ˆ
â±ï¸  HCX Rate limit ëŒ€ê¸°: 9.8ì´ˆ
â±ï¸  HCX Rate limit ëŒ€ê¸°: 9.8ì´ˆ
â±ï¸  HCX Rate limit ëŒ€ê¸°: 9.8ì´ˆ
â±ï¸  HCX Rate limit ëŒ€ê¸°: 9.8ì´ˆ
â±ï¸  HCX Rate limit ëŒ€ê¸°: 9.8ì´ˆ
â±ï¸  HCX Rate limit ëŒ€ê¸°: 9.8ì´ˆ
â±ï¸  HCX Rate limit ëŒ€ê¸°: 9.8ì´ˆ
â±ï¸  HCX Rate limit ëŒ€ê¸°: 9.8ì´ˆ
â±ï¸  HCX Rate limit ëŒ€ê¸°: 9.8ì´ˆ
âŒ HCX Rate limit (ì‹œë„ 2/4): 20ì´ˆ í›„ ì¬ì‹œë„
âŒ HCX Rate limit (ì‹œë„ 2/4): 20ì´ˆ í›„ ì¬ì‹œë„
âŒ HCX Rate limit (ì‹œë„ 2/4): 20ì´ˆ í›„ ì¬ì‹œë„
âŒ HCX Rate limit (ì‹œë„ 2/4): 20ì´ˆ í›„ ì¬ì‹œë„
âŒ HCX Rate limit (ì‹œë„ 2/4): 20ì´ˆ í›„ ì¬ì‹œë„
âŒ HCX Rate limit (ì‹œë„ 2/4): 20ì´ˆ í›„ ì¬ì‹œë„
âŒ HCX Rate limit (ì‹œë„ 2/4): 20ì´ˆ í›„ ì¬ì‹œë„
âŒ HCX Rate limit (ì‹œë„ 2/4): 20ì´ˆ í›„ ì¬ì‹œë„
âŒ HCX Rate limit (ì‹œë„ 2/4): 20ì´ˆ í›„ ì¬ì‹œë„
âŒ HCX Rate limit (ì‹œë„ 2/4): 20ì´ˆ í›„ ì¬ì‹œë„
âŒ HCX Rate limit (ì‹œë„ 2/4): 20ì´ˆ í›„ ì¬ì‹œë„
âŒ HCX Rate limit (ì‹œë„ 2/4): 20ì´ˆ í›„ ì¬ì‹œë„
âŒ HCX Rate limit (ì‹œë„ 2/4): 20ì´ˆ í›„ ì¬ì‹œë„
âŒ HCX Rate limit (ì‹œë„ 2/4): 20ì´ˆ í›„ ì¬ì‹œë„
âŒ HCX Rate limit (ì‹œë„ 2/4): 20ì´ˆ í›„ ì¬ì‹œë„
â±ï¸  HCX Rate limit ëŒ€ê¸°: 10.0ì´ˆ
â±ï¸  HCX Rate limit ëŒ€ê¸°: 10.0ì´ˆ
â±ï¸  HCX Rate limit ëŒ€ê¸°: 10.0ì´ˆ
â±ï¸  HCX Rate limit ëŒ€ê¸°: 9.9ì´ˆ
â±ï¸  HCX Rate limit ëŒ€ê¸°: 9.9ì´ˆ
â±ï¸  HCX Rate limit ëŒ€ê¸°: 8.2ì´ˆ
â±ï¸  HCX Rate limit ëŒ€ê¸°: 9.9ì´ˆ
â±ï¸  HCX Rate limit ëŒ€ê¸°: 9.9ì´ˆ
â±ï¸  HCX Rate limit ëŒ€ê¸°: 9.9ì´ˆ
â±ï¸  HCX Rate limit ëŒ€ê¸°: 9.9ì´ˆ
â±ï¸  HCX Rate limit ëŒ€ê¸°: 9.9ì´ˆ
â±ï¸  HCX Rate limit ëŒ€ê¸°: 9.9ì´ˆ
â±ï¸  HCX Rate limit ëŒ€ê¸°: 9.9ì´ˆ
â±ï¸  HCX Rate limit ëŒ€ê¸°: 9.9ì´ˆ
â±ï¸  HCX Rate limit ëŒ€ê¸°: 9.9ì´ˆ
â±ï¸  HCX Rate limit ëŒ€ê¸°: 9.9ì´ˆ
â±ï¸  HCX Rate limit ëŒ€ê¸°: 9.9ì´ˆ
â±ï¸  HCX Rate limit ëŒ€ê¸°: 9.9ì´ˆ
â±ï¸  HCX Rate limit ëŒ€ê¸°: 9.9ì´ˆ
â±ï¸  HCX Rate limit ëŒ€ê¸°: 9.9ì´ˆ
â±ï¸  HCX Rate limit ëŒ€ê¸°: 9.9ì´ˆ
â±ï¸  HCX Rate limit ëŒ€ê¸°: 9.0ì´ˆ
â±ï¸  HCX Rate limit ëŒ€ê¸°: 8.4ì´ˆ
â±ï¸  HCX Rate limit ëŒ€ê¸°: 8.2ì´ˆ
â±ï¸  HCX Rate limit ëŒ€ê¸°: 8.2ì´ˆ
â±ï¸  HCX Rate limit ëŒ€ê¸°: 8.2ì´ˆ
â±ï¸  HCX Rate limit ëŒ€ê¸°: 7.6ì´ˆ
â±ï¸  HCX Rate limit ëŒ€ê¸°: 9.2ì´ˆ
â±ï¸  HCX Rate limit ëŒ€ê¸°: 9.1ì´ˆ
â±ï¸  HCX Rate limit ëŒ€ê¸°: 8.9ì´ˆ
â±ï¸  HCX Rate limit ëŒ€ê¸°: 8.8ì´ˆ
â±ï¸  HCX Rate limit ëŒ€ê¸°: 8.8ì´ˆ
â±ï¸  HCX Rate limit ëŒ€ê¸°: 8.7ì´ˆ
â±ï¸  HCX Rate limit ëŒ€ê¸°: 8.7ì´ˆ
â±ï¸  HCX Rate limit ëŒ€ê¸°: 8.7ì´ˆ
â±ï¸  HCX Rate limit ëŒ€ê¸°: 8.7ì´ˆ
â±ï¸  HCX Rate limit ëŒ€ê¸°: 8.7ì´ˆ
â±ï¸  HCX Rate limit ëŒ€ê¸°: 8.7ì´ˆ
â±ï¸  HCX Rate limit ëŒ€ê¸°: 8.7ì´ˆ
â±ï¸  HCX Rate limit ëŒ€ê¸°: 8.2ì´ˆ
â±ï¸  HCX Rate limit ëŒ€ê¸°: 8.2ì´ˆ
â±ï¸  HCX Rate limit ëŒ€ê¸°: 8.2ì´ˆ
â±ï¸  HCX Rate limit ëŒ€ê¸°: 8.1ì´ˆ
â±ï¸  HCX Rate limit ëŒ€ê¸°: 8.0ì´ˆ
â±ï¸  HCX Rate limit ëŒ€ê¸°: 8.0ì´ˆ
â±ï¸  HCX Rate limit ëŒ€ê¸°: 7.6ì´ˆ
âŒ HCX Rate limit (ì‹œë„ 1/4): 10ì´ˆ í›„ ì¬ì‹œë„
âŒ HCX Rate limit (ì‹œë„ 1/4): 10ì´ˆ í›„ ì¬ì‹œë„
âŒ HCX Rate limit (ì‹œë„ 1/4): 10ì´ˆ í›„ ì¬ì‹œë„
âŒ HCX Rate limit (ì‹œë„ 1/4): 10ì´ˆ í›„ ì¬ì‹œë„
âŒ HCX Rate limit (ì‹œë„ 1/4): 10ì´ˆ í›„ ì¬ì‹œë„
âŒ HCX Rate limit (ì‹œë„ 1/4): 10ì´ˆ í›„ ì¬ì‹œë„
âŒ HCX Rate limit (ì‹œë„ 1/4): 10ì´ˆ í›„ ì¬ì‹œë„
âŒ HCX Rate limit (ì‹œë„ 1/4): 10ì´ˆ í›„ ì¬ì‹œë„
âŒ HCX Rate limit (ì‹œë„ 1/4): 10ì´ˆ í›„ ì¬ì‹œë„
âŒ HCX Rate limit (ì‹œë„ 1/4): 10ì´ˆ í›„ ì¬ì‹œë„
âŒ HCX Rate limit (ì‹œë„ 1/4): 10ì´ˆ í›„ ì¬ì‹œë„
âŒ HCX Rate limit (ì‹œë„ 1/4): 10ì´ˆ í›„ ì¬ì‹œë„
âŒ HCX Rate limit (ì‹œë„ 1/4): 10ì´ˆ í›„ ì¬ì‹œë„
âŒ HCX Rate limit (ì‹œë„ 1/4): 10ì´ˆ í›„ ì¬ì‹œë„
âŒ HCX Rate limit (ì‹œë„ 1/4): 10ì´ˆ í›„ ì¬ì‹œë„
âŒ HCX Rate limit (ì‹œë„ 1/4): 10ì´ˆ í›„ ì¬ì‹œë„
âŒ HCX Rate limit (ì‹œë„ 1/4): 10ì´ˆ í›„ ì¬ì‹œë„
â±ï¸  HCX Rate limit ëŒ€ê¸°: 10.0ì´ˆ
â±ï¸  HCX Rate limit ëŒ€ê¸°: 10.0ì´ˆ
â±ï¸  HCX Rate limit ëŒ€ê¸°: 10.0ì´ˆ
â±ï¸  HCX Rate limit ëŒ€ê¸°: 10.0ì´ˆ
â±ï¸  HCX Rate limit ëŒ€ê¸°: 10.0ì´ˆ
â±ï¸  HCX Rate limit ëŒ€ê¸°: 10.0ì´ˆ
â±ï¸  HCX Rate limit ëŒ€ê¸°: 10.0ì´ˆ
â±ï¸  HCX Rate limit ëŒ€ê¸°: 10.0ì´ˆ
â±ï¸  HCX Rate limit ëŒ€ê¸°: 10.0ì´ˆ
â±ï¸  HCX Rate limit ëŒ€ê¸°: 9.9ì´ˆ
â±ï¸  HCX Rate limit ëŒ€ê¸°: 9.9ì´ˆ
â±ï¸  HCX Rate limit ëŒ€ê¸°: 9.9ì´ˆ
â±ï¸  HCX Rate limit ëŒ€ê¸°: 9.9ì´ˆ
â±ï¸  HCX Rate limit ëŒ€ê¸°: 9.9ì´ˆ
âŒ HCX Rate limit (ì‹œë„ 2/4): 20ì´ˆ í›„ ì¬ì‹œë„
â±ï¸  HCX Rate limit ëŒ€ê¸°: 9.8ì´ˆ
â±ï¸  HCX Rate limit ëŒ€ê¸°: 9.8ì´ˆ
âŒ HCX Rate limit (ì‹œë„ 2/4): 20ì´ˆ í›„ ì¬ì‹œë„
âŒ HCX Rate limit (ì‹œë„ 2/4): 20ì´ˆ í›„ ì¬ì‹œë„
âŒ HCX Rate limit (ì‹œë„ 2/4): 20ì´ˆ í›„ ì¬ì‹œë„
âŒ HCX Rate limit (ì‹œë„ 2/4): 20ì´ˆ í›„ ì¬ì‹œë„
âŒ HCX Rate limit (ì‹œë„ 2/4): 20ì´ˆ í›„ ì¬ì‹œë„
âŒ HCX Rate limit (ì‹œë„ 2/4): 20ì´ˆ í›„ ì¬ì‹œë„
âŒ HCX Rate limit (ì‹œë„ 2/4): 20ì´ˆ í›„ ì¬ì‹œë„
âŒ HCX Rate limit (ì‹œë„ 2/4): 20ì´ˆ í›„ ì¬ì‹œë„
âŒ HCX Rate limit (ì‹œë„ 2/4): 20ì´ˆ í›„ ì¬ì‹œë„
âŒ HCX Rate limit (ì‹œë„ 2/4): 20ì´ˆ í›„ ì¬ì‹œë„
âŒ HCX Rate limit (ì‹œë„ 2/4): 20ì´ˆ í›„ ì¬ì‹œë„
âŒ HCX Rate limit (ì‹œë„ 2/4): 20ì´ˆ í›„ ì¬ì‹œë„
âŒ HCX Rate limit (ì‹œë„ 2/4): 20ì´ˆ í›„ ì¬ì‹œë„
âŒ HCX Rate limit (ì‹œë„ 2/4): 20ì´ˆ í›„ ì¬ì‹œë„
âŒ HCX Rate limit (ì‹œë„ 2/4): 20ì´ˆ í›„ ì¬ì‹œë„
âŒ HCX Rate limit (ì‹œë„ 2/4): 20ì´ˆ í›„ ì¬ì‹œë„
â±ï¸  HCX Rate limit ëŒ€ê¸°: 10.0ì´ˆ
â±ï¸  HCX Rate limit ëŒ€ê¸°: 10.0ì´ˆ
â±ï¸  HCX Rate limit ëŒ€ê¸°: 10.0ì´ˆ
â±ï¸  HCX Rate limit ëŒ€ê¸°: 10.0ì´ˆ
â±ï¸  HCX Rate limit ëŒ€ê¸°: 10.0ì´ˆ
â±ï¸  HCX Rate limit ëŒ€ê¸°: 10.0ì´ˆ
â±ï¸  HCX Rate limit ëŒ€ê¸°: 10.0ì´ˆ
â±ï¸  HCX Rate limit ëŒ€ê¸°: 10.0ì´ˆ
â±ï¸  HCX Rate limit ëŒ€ê¸°: 10.0ì´ˆ
â±ï¸  HCX Rate limit ëŒ€ê¸°: 10.0ì´ˆ
â±ï¸  HCX Rate limit ëŒ€ê¸°: 10.0ì´ˆ
â±ï¸  HCX Rate limit ëŒ€ê¸°: 10.0ì´ˆ
â±ï¸  HCX Rate limit ëŒ€ê¸°: 9.9ì´ˆ
â±ï¸  HCX Rate limit ëŒ€ê¸°: 9.9ì´ˆ
â±ï¸  HCX Rate limit ëŒ€ê¸°: 9.9ì´ˆ
âœ… í‰ê°€ ì™„ë£Œ!

ğŸ“ˆ í‰ê°€ ê²°ê³¼ ìš”ì•½:
==================================================
âŒ í‰ê°€ ì‹¤íŒ¨: Could not convert string 'í•œêµ­ì˜ ìˆ˜ë„ëŠ” ì–´ë””ì¸ê°€ìš”?ë¼ë©´ì€ ì–´ë–»ê²Œ ì¡°ë¦¬í•˜ë‚˜ìš”?Pythonì—ì„œ ë¦¬ìŠ¤íŠ¸ì™€ íŠœí”Œì˜ ì°¨ì´ì ì€ ë¬´ì—‡ì¸ê°€ìš”?' to numeric
âŒ í‰ê°€ ìˆ˜í–‰ ì‹¤íŒ¨: RAGAS í‰ê°€ ì¤‘ ì˜¤ë¥˜ ë°œìƒ: Could not convert string 'í•œêµ­ì˜ ìˆ˜ë„ëŠ” ì–´ë””ì¸ê°€ìš”?ë¼ë©´ì€ ì–´ë–»ê²Œ ì¡°ë¦¬í•˜ë‚˜ìš”?Pythonì—ì„œ ë¦¬ìŠ¤íŠ¸ì™€ íŠœí”Œì˜ ì°¨ì´ì ì€ ë¬´ì—‡ì¸ê°€ìš”?' to numeric
ğŸ“€ ë°ì´í„°ë² ì´ìŠ¤ ì—°ê²° ì¢…ë£Œ
